<?xml version="1.0" encoding="UTF-8"?>
<!-- Generated by org.testng.reporters.JUnitReportReporter -->
<testsuite hostname="AmalVGeorge" failures="0" tests="1" name="seleniumBasics.TestNGAnnotations" time="0.092" errors="0" timestamp="2025-05-28T21:21:56 IST" skipped="0">
  <testcase classname="seleniumBasics.TestNGAnnotations" name="testMethod" time="0.092"/>
</testsuite> <!-- seleniumBasics.TestNGAnnotations -->
