<?xml version="1.0" encoding="UTF-8"?>
<!-- Generated by org.testng.reporters.JUnitReportReporter -->
<testsuite hostname="AmalVGeorge" failures="0" tests="1" name="testScript.LoginTest" time="16.022" errors="0" timestamp="2025-05-29T21:34:08 IST" skipped="0">
  <testcase classname="testScript.LoginTest" name="verifyUserLoginwithValidCredentials" time="16.022"/>
</testsuite> <!-- testScript.LoginTest -->
