<?xml version="1.0" encoding="UTF-8"?>
<!-- Generated by org.testng.reporters.JUnitReportReporter -->
<testsuite hostname="AmalVGeorge" failures="0" tests="1" name="testScript.LoginTest" time="27.583" errors="0" timestamp="2025-05-31T08:55:37 IST" skipped="0">
  <testcase classname="testScript.LoginTest" name="verifywithInvalidCredentials" time="27.583"/>
</testsuite> <!-- testScript.LoginTest -->
