<?xml version="1.0" encoding="UTF-8"?>
<!-- Generated by org.testng.reporters.JUnitReportReporter -->
<testsuite hostname="AmalVGeorge" failures="0" tests="1" name="testScript.AdminTest" time="38.308" errors="0" timestamp="2025-06-06T20:55:49 IST" skipped="0">
  <testcase classname="testScript.AdminTest" name="verifyAdminClick" time="38.308"/>
</testsuite> <!-- testScript.AdminTest -->
