<?xml version="1.0" encoding="UTF-8"?>
<!-- Generated by org.testng.reporters.JUnitReportReporter -->
<testsuite hostname="AmalVGeorge" failures="0" tests="1" name="testScript.AdminUsersTest" time="35.865" errors="0" timestamp="2025-06-09T19:20:04 IST" skipped="0">
  <testcase classname="testScript.AdminUsersTest" name="searchAdminUsers" time="35.865"/>
</testsuite> <!-- testScript.AdminUsersTest -->
