<?xml version="1.0" encoding="UTF-8"?>
<!-- Generated by org.testng.reporters.JUnitReportReporter -->
<testsuite hostname="AmalVGeorge" failures="0" tests="1" name="testScript.LoginMartTest" time="14.092" errors="0" timestamp="2025-06-03T10:46:42 IST" skipped="0">
  <testcase classname="testScript.LoginMartTest" name="validateWithInvalidCredentials" time="14.092"/>
</testsuite> <!-- testScript.LoginMartTest -->
