<?xml version="1.0" encoding="UTF-8"?>
<!-- Generated by org.testng.reporters.JUnitReportReporter -->
<testsuite hostname="AmalVGeorge" failures="0" tests="1" name="testScript.ManagenewsTest" time="39.200" errors="0" timestamp="2025-06-09T17:30:39 IST" skipped="0">
  <testcase classname="testScript.ManagenewsTest" name="searchCreatedNews" time="39.200"/>
</testsuite> <!-- testScript.ManagenewsTest -->
